# JRE version: Java(TM) SE Runtime Environment (23.0.2+7) (build 23.0.2+7-58)
# Java VM: Java HotSpot(TM) 64-Bit Server VM (23.0.2+7-58, mixed mode, sharing, tiered, compressed oops, compressed class ptrs, g1 gc, windows-amd64)
GC Precious Log:
 CardTable entry size: 512
 Card Set container configuration: InlinePtr #cards 5 size 8 Array Of Cards #cards 10 size 36 Howl #buckets 4 coarsen threshold 1843 Howl Bitmap #cards 512 size 80 coarsen threshold 460 Card regions per heap region 1 cards per card region 2048
 CPUs: 4 total, 4 available
 Memory: 6023M
 Large Page Support: Disabled
 NUMA Support: Disabled
 Compressed Oops: Enabled (32-bit)
 Heap Region Size: 1M
 Heap Min Capacity: 8M
 Heap Initial Capacity: 96M
 Heap Max Capacity: 1506M
 Pre-touch: Disabled
 Parallel Workers: 4
 Concurrent Workers: 1
 Concurrent Refinement Workers: 4
 Periodic GC: Disabled
Heap:
 garbage-first heap   total reserved 1542144K, committed 98304K, used 44770K [0x00000000a1e00000, 0x0000000100000000)
  region size 1024K, 36 young (36864K), 1 survivors (1024K)
 Metaspace       used 11776K, committed 11904K, reserved 1114112K
  class space    used 1355K, committed 1408K, reserved 1048576K
GC Heap History (12 events):
Event: 462.907 GC heap before
{Heap before GC invocations=0 (full 0):
 garbage-first heap   total reserved 1542144K, committed 98304K, used 14336K [0x00000000a1e00000, 0x0000000100000000)
  region size 1024K, 14 young (14336K), 0 survivors (0K)
 Metaspace       used 8799K, committed 8960K, reserved 1114112K
  class space    used 981K, committed 1024K, reserved 1048576K
}
Event: 462.914 GC heap after
{Heap after GC invocations=1 (full 0):
 garbage-first heap   total reserved 1542144K, committed 98304K, used 2692K [0x00000000a1e00000, 0x0000000100000000)
  region size 1024K, 2 young (2048K), 2 survivors (2048K)
 Metaspace       used 8799K, committed 8960K, reserved 1114112K
  class space    used 981K, committed 1024K, reserved 1048576K
}
Event: 1318.543 GC heap before
{Heap before GC invocations=1 (full 0):
 garbage-first heap   total reserved 1542144K, committed 98304K, used 16004K [0x00000000a1e00000, 0x0000000100000000)
  region size 1024K, 15 young (15360K), 2 survivors (2048K)
 Metaspace       used 8823K, committed 9024K, reserved 1114112K
  class space    used 981K, committed 1024K, reserved 1048576K
}
Event: 1318.548 GC heap after
{Heap after GC invocations=2 (full 0):
 garbage-first heap   total reserved 1542144K, committed 98304K, used 3165K [0x00000000a1e00000, 0x0000000100000000)
  region size 1024K, 1 young (1024K), 1 survivors (1024K)
 Metaspace       used 8823K, committed 9024K, reserved 1114112K
  class space    used 981K, committed 1024K, reserved 1048576K
}
Event: 4159.284 GC heap before
{Heap before GC invocations=2 (full 0):
 garbage-first heap   total reserved 1542144K, committed 98304K, used 42077K [0x00000000a1e00000, 0x0000000100000000)
  region size 1024K, 39 young (39936K), 1 survivors (1024K)
 Metaspace       used 8858K, committed 9024K, reserved 1114112K
  class space    used 984K, committed 1024K, reserved 1048576K
}
Event: 4159.286 GC heap after
{Heap after GC invocations=3 (full 0):
 garbage-first heap   total reserved 1542144K, committed 98304K, used 2867K [0x00000000a1e00000, 0x0000000100000000)
  region size 1024K, 1 young (1024K), 1 survivors (1024K)
 Metaspace       used 8858K, committed 9024K, reserved 1114112K
  class space    used 984K, committed 1024K, reserved 1048576K
}
Event: 7783.823 GC heap before
{Heap before GC invocations=3 (full 0):
 garbage-first heap   total reserved 1542144K, committed 98304K, used 48947K [0x00000000a1e00000, 0x0000000100000000)
  region size 1024K, 46 young (47104K), 1 survivors (1024K)
 Metaspace       used 8858K, committed 9024K, reserved 1114112K
  class space    used 984K, committed 1024K, reserved 1048576K
}
Event: 7783.824 GC heap after
{Heap after GC invocations=4 (full 0):
 garbage-first heap   total reserved 1542144K, committed 98304K, used 2794K [0x00000000a1e00000, 0x0000000100000000)
  region size 1024K, 1 young (1024K), 1 survivors (1024K)
 Metaspace       used 8858K, committed 9024K, reserved 1114112K
  class space    used 984K, committed 1024K, reserved 1048576K
}
Event: 12061.297 GC heap before
{Heap before GC invocations=4 (full 0):
 garbage-first heap   total reserved 1542144K, committed 98304K, used 57066K [0x00000000a1e00000, 0x0000000100000000)
  region size 1024K, 54 young (55296K), 1 survivors (1024K)
 Metaspace       used 8858K, committed 9024K, reserved 1114112K
  class space    used 984K, committed 1024K, reserved 1048576K
}
Event: 12061.299 GC heap after
{Heap after GC invocations=5 (full 0):
 garbage-first heap   total reserved 1542144K, committed 98304K, used 2788K [0x00000000a1e00000, 0x0000000100000000)
  region size 1024K, 1 young (1024K), 1 survivors (1024K)
 Metaspace       used 8858K, committed 9024K, reserved 1114112K
  class space    used 984K, committed 1024K, reserved 1048576K
}
Event: 16568.916 GC heap before
{Heap before GC invocations=5 (full 0):
 garbage-first heap   total reserved 1542144K, committed 98304K, used 60132K [0x00000000a1e00000, 0x0000000100000000)
  region size 1024K, 57 young (58368K), 1 survivors (1024K)
 Metaspace       used 8863K, committed 9024K, reserved 1114112K
  class space    used 984K, committed 1024K, reserved 1048576K
}
Event: 16568.918 GC heap after
{Heap after GC invocations=6 (full 0):
 garbage-first heap   total reserved 1542144K, committed 98304K, used 2786K [0x00000000a1e00000, 0x0000000100000000)
  region size 1024K, 1 young (1024K), 1 survivors (1024K)
 Metaspace       used 8863K, committed 9024K, reserved 1114112K
  class space    used 984K, committed 1024K, reserved 1048576K
}

