# JRE version: Java(TM) SE Runtime Environment (23.0.2+7) (build 23.0.2+7-58)
# Java VM: Java HotSpot(TM) 64-Bit Server VM (23.0.2+7-58, mixed mode, sharing, tiered, compressed oops, compressed class ptrs, g1 gc, windows-amd64)
GC Precious Log:
 CardTable entry size: 512
 Card Set container configuration: InlinePtr #cards 5 size 8 Array Of Cards #cards 10 size 36 Howl #buckets 4 coarsen threshold 1843 Howl Bitmap #cards 512 size 80 coarsen threshold 460 Card regions per heap region 1 cards per card region 2048
 CPUs: 4 total, 4 available
 Memory: 6023M
 Large Page Support: Disabled
 NUMA Support: Disabled
 Compressed Oops: Enabled (32-bit)
 Heap Region Size: 1M
 Heap Min Capacity: 8M
 Heap Initial Capacity: 8M
 Heap Max Capacity: 1506M
 Pre-touch: Disabled
 Parallel Workers: 4
 Concurrent Workers: 1
 Concurrent Refinement Workers: 4
 Periodic GC: Disabled
Heap:
 garbage-first heap   total reserved 1542144K, committed 10240K, used 5578K [0x00000000a1e00000, 0x0000000100000000)
  region size 1024K, 1 young (1024K), 1 survivors (1024K)
 Metaspace       used 8563K, committed 8768K, reserved 1114112K
  class space    used 1002K, committed 1088K, reserved 1048576K
GC Heap History (17 events):
Event: 0.651 GC heap before
{Heap before GC invocations=0 (full 0):
 garbage-first heap   total reserved 1542144K, committed 8192K, used 3072K [0x00000000a1e00000, 0x0000000100000000)
  region size 1024K, 4 young (4096K), 0 survivors (0K)
 Metaspace       used 5179K, committed 5312K, reserved 1114112K
  class space    used 646K, committed 704K, reserved 1048576K
}
Event: 0.659 GC heap after
{Heap after GC invocations=1 (full 0):
 garbage-first heap   total reserved 1542144K, committed 8192K, used 1640K [0x00000000a1e00000, 0x0000000100000000)
  region size 1024K, 1 young (1024K), 1 survivors (1024K)
 Metaspace       used 5179K, committed 5312K, reserved 1114112K
  class space    used 646K, committed 704K, reserved 1048576K
}
Event: 0.965 GC heap before
{Heap before GC invocations=1 (full 0):
 garbage-first heap   total reserved 1542144K, committed 8192K, used 3688K [0x00000000a1e00000, 0x0000000100000000)
  region size 1024K, 3 young (3072K), 1 survivors (1024K)
 Metaspace       used 7836K, committed 8064K, reserved 1114112K
  class space    used 924K, committed 1024K, reserved 1048576K
}
Event: 0.970 GC heap after
{Heap after GC invocations=2 (full 0):
 garbage-first heap   total reserved 1542144K, committed 8192K, used 2351K [0x00000000a1e00000, 0x0000000100000000)
  region size 1024K, 1 young (1024K), 1 survivors (1024K)
 Metaspace       used 7836K, committed 8064K, reserved 1114112K
  class space    used 924K, committed 1024K, reserved 1048576K
}
Event: 1.096 GC heap before
{Heap before GC invocations=2 (full 0):
 garbage-first heap   total reserved 1542144K, committed 8192K, used 4399K [0x00000000a1e00000, 0x0000000100000000)
  region size 1024K, 3 young (3072K), 1 survivors (1024K)
 Metaspace       used 8146K, committed 8384K, reserved 1114112K
  class space    used 957K, committed 1088K, reserved 1048576K
}
Event: 1.100 GC heap after
{Heap after GC invocations=3 (full 0):
 garbage-first heap   total reserved 1542144K, committed 8192K, used 3084K [0x00000000a1e00000, 0x0000000100000000)
  region size 1024K, 1 young (1024K), 1 survivors (1024K)
 Metaspace       used 8146K, committed 8384K, reserved 1114112K
  class space    used 957K, committed 1088K, reserved 1048576K
}
Event: 1.164 GC heap before
{Heap before GC invocations=3 (full 0):
 garbage-first heap   total reserved 1542144K, committed 8192K, used 5132K [0x00000000a1e00000, 0x0000000100000000)
  region size 1024K, 3 young (3072K), 1 survivors (1024K)
 Metaspace       used 8307K, committed 8512K, reserved 1114112K
  class space    used 982K, committed 1088K, reserved 1048576K
}
Event: 1.168 GC heap after
{Heap after GC invocations=4 (full 0):
 garbage-first heap   total reserved 1542144K, committed 8192K, used 3579K [0x00000000a1e00000, 0x0000000100000000)
  region size 1024K, 1 young (1024K), 1 survivors (1024K)
 Metaspace       used 8307K, committed 8512K, reserved 1114112K
  class space    used 982K, committed 1088K, reserved 1048576K
}
Event: 1.216 GC heap before
{Heap before GC invocations=4 (full 0):
 garbage-first heap   total reserved 1542144K, committed 8192K, used 5627K [0x00000000a1e00000, 0x0000000100000000)
  region size 1024K, 3 young (3072K), 1 survivors (1024K)
 Metaspace       used 8352K, committed 8576K, reserved 1114112K
  class space    used 982K, committed 1088K, reserved 1048576K
}
Event: 1.218 GC heap after
{Heap after GC invocations=5 (full 0):
 garbage-first heap   total reserved 1542144K, committed 10240K, used 3719K [0x00000000a1e00000, 0x0000000100000000)
  region size 1024K, 1 young (1024K), 1 survivors (1024K)
 Metaspace       used 8352K, committed 8576K, reserved 1114112K
  class space    used 982K, committed 1088K, reserved 1048576K
}
Event: 1.360 GC heap before
{Heap before GC invocations=5 (full 0):
 garbage-first heap   total reserved 1542144K, committed 10240K, used 6791K [0x00000000a1e00000, 0x0000000100000000)
  region size 1024K, 4 young (4096K), 1 survivors (1024K)
 Metaspace       used 8509K, committed 8704K, reserved 1114112K
  class space    used 995K, committed 1088K, reserved 1048576K
}
Event: 1.364 GC heap after
{Heap after GC invocations=6 (full 0):
 garbage-first heap   total reserved 1542144K, committed 10240K, used 4288K [0x00000000a1e00000, 0x0000000100000000)
  region size 1024K, 1 young (1024K), 1 survivors (1024K)
 Metaspace       used 8509K, committed 8704K, reserved 1114112K
  class space    used 995K, committed 1088K, reserved 1048576K
}
Event: 1.441 GC heap before
{Heap before GC invocations=6 (full 0):
 garbage-first heap   total reserved 1542144K, committed 10240K, used 6336K [0x00000000a1e00000, 0x0000000100000000)
  region size 1024K, 4 young (4096K), 1 survivors (1024K)
 Metaspace       used 8563K, committed 8768K, reserved 1114112K
  class space    used 1002K, committed 1088K, reserved 1048576K
}
Event: 1.444 GC heap after
{Heap after GC invocations=7 (full 0):
 garbage-first heap   total reserved 1542144K, committed 10240K, used 4756K [0x00000000a1e00000, 0x0000000100000000)
  region size 1024K, 1 young (1024K), 1 survivors (1024K)
 Metaspace       used 8563K, committed 8768K, reserved 1114112K
  class space    used 1002K, committed 1088K, reserved 1048576K
}
Event: 1.492 GC heap before
{Heap before GC invocations=7 (full 0):
 garbage-first heap   total reserved 1542144K, committed 10240K, used 7828K [0x00000000a1e00000, 0x0000000100000000)
  region size 1024K, 4 young (4096K), 1 survivors (1024K)
 Metaspace       used 8563K, committed 8768K, reserved 1114112K
  class space    used 1002K, committed 1088K, reserved 1048576K
}
Event: 1.496 GC heap after
{Heap after GC invocations=8 (full 0):
 garbage-first heap   total reserved 1542144K, committed 10240K, used 5250K [0x00000000a1e00000, 0x0000000100000000)
  region size 1024K, 1 young (1024K), 1 survivors (1024K)
 Metaspace       used 8563K, committed 8768K, reserved 1114112K
  class space    used 1002K, committed 1088K, reserved 1048576K
}
Event: 1.506 GC heap before
{Heap before GC invocations=8 (full 0):
 garbage-first heap   total reserved 1542144K, committed 10240K, used 7298K [0x00000000a1e00000, 0x0000000100000000)
  region size 1024K, 3 young (3072K), 1 survivors (1024K)
 Metaspace       used 8563K, committed 8768K, reserved 1114112K
  class space    used 1002K, committed 1088K, reserved 1048576K
}

